Please input the length of days lookahead in {5, 7, 15, 30, 45, 60, 90, 120}: Please specify the coverage of the data {A - Manufacturer 1, B - Manufacturer 2, C - Manufacturer 1 & 2}: ---------------- RF ----------------
最优分类器: {'criterion': 'entropy', 'max_depth': None, 'max_leaf_nodes': None, 'min_samples_leaf': 1, 'min_samples_split': 2, 'n_estimators': 200} 最优分数: 0.8296153846153846
测试集结果：
              precision    recall  f1-score   support

         0.0       0.82      0.86      0.84      6701
         1.0       0.85      0.82      0.83      6701

    accuracy                           0.84     13402
   macro avg       0.84      0.84      0.84     13402
weighted avg       0.84      0.84      0.84     13402

---------------- DT ----------------
最优分类器: {'criterion': 'gini', 'max_depth': 10, 'max_leaf_nodes': None, 'min_impurity_decrease': 0.0, 'min_samples_leaf': 2} 最优分数: 0.7702307692307692
测试集结果：
              precision    recall  f1-score   support

         0.0       0.76      0.77      0.77      6701
         1.0       0.77      0.76      0.77      6701

    accuracy                           0.77     13402
   macro avg       0.77      0.77      0.77     13402
weighted avg       0.77      0.77      0.77     13402

---------------- SVM ----------------
最优分类器: {'C': 1000, 'gamma': 0.5, 'kernel': 'rbf'} 最优分数: 0.7166153846153847
测试集结果：
              precision    recall  f1-score   support

         0.0       0.72      0.70      0.71      6701
         1.0       0.71      0.73      0.72      6701

    accuracy                           0.72     13402
   macro avg       0.72      0.72      0.72     13402
weighted avg       0.72      0.72      0.72     13402

---------------- KNN ----------------
最优分类器: {'n_neighbors': 10, 'p': 1, 'weights': 'distance'} 最优分数: 0.7417692307692307
测试集结果：
              precision    recall  f1-score   support

         0.0       0.74      0.75      0.75      6701
         1.0       0.75      0.74      0.74      6701

    accuracy                           0.74     13402
   macro avg       0.74      0.74      0.74     13402
weighted avg       0.74      0.74      0.74     13402

