Please input the length of days lookahead in {5, 7, 15, 30, 45, 60, 90, 120}: Please specify the coverage of the data {A - Manufacturer 1, B - Manufacturer 2, C - Manufacturer 1 & 2, D - Manufacturer 1 without aging information, E - Balanced Manufacturer 1 & 2}: -------------------- Loading Data -------------------
------------------ NN ------------------
cuda
(53870, 330) (13468, 330) (53870,) (13468, 1)
training 0
testing 0
/home/ms-admin/chenzixiao/APSNet/source/nn_online_train.py:142: FutureWarning: The input object of type 'Tensor' is an array-like implementing one of the corresponding protocols (`__array__`, `__array_interface__` or `__array_struct__`); but not a sequence (or 0-D). In the future, this object will be coerced as if it was first converted using `np.array(obj)`. To retain the old behaviour, you have to either modify the type 'Tensor', or assign to an empty array created with `np.empty(correct_shape, dtype=object)`.
  print_all_metrics(np.asarray(y_true).astype('int'), np.asarray(y_predicted))
/home/ms-admin/chenzixiao/APSNet/source/nn_online_train.py:142: VisibleDeprecationWarning: Creating an ndarray from ragged nested sequences (which is a list-or-tuple of lists-or-tuples-or ndarrays with different lengths or shapes) is deprecated. If you meant to do this, you must specify 'dtype=object' when creating the ndarray.
  print_all_metrics(np.asarray(y_true).astype('int'), np.asarray(y_predicted))
              precision    recall  f1-score   support

           0    0.70794   0.59608   0.64721      6734
           1    0.65119   0.75408   0.69887      6734

    accuracy                        0.67508     13468
   macro avg    0.67956   0.67508   0.67304     13468
weighted avg    0.67956   0.67508   0.67304     13468

training 1
training 2
training 3
training 4
training 5
training 6
training 7
training 8
training 9
training 10
training 11
training 12
training 13
training 14
training 15
training 16
training 17
training 18
training 19
training 20
training 21
training 22
training 23
training 24
training 25
training 26
training 27
training 28
training 29
training 30
training 31
training 32
training 33
training 34
training 35
training 36
training 37
training 38
training 39
training 40
training 41
training 42
training 43
training 44
training 45
training 46
training 47
training 48
training 49
training 50
testing 50
/home/ms-admin/chenzixiao/APSNet/source/nn_online_train.py:142: FutureWarning: The input object of type 'Tensor' is an array-like implementing one of the corresponding protocols (`__array__`, `__array_interface__` or `__array_struct__`); but not a sequence (or 0-D). In the future, this object will be coerced as if it was first converted using `np.array(obj)`. To retain the old behaviour, you have to either modify the type 'Tensor', or assign to an empty array created with `np.empty(correct_shape, dtype=object)`.
  print_all_metrics(np.asarray(y_true).astype('int'), np.asarray(y_predicted))
/home/ms-admin/chenzixiao/APSNet/source/nn_online_train.py:142: VisibleDeprecationWarning: Creating an ndarray from ragged nested sequences (which is a list-or-tuple of lists-or-tuples-or ndarrays with different lengths or shapes) is deprecated. If you meant to do this, you must specify 'dtype=object' when creating the ndarray.
  print_all_metrics(np.asarray(y_true).astype('int'), np.asarray(y_predicted))
              precision    recall  f1-score   support

           0    0.73777   0.72988   0.73380      6734
           1    0.73274   0.74057   0.73663      6734

    accuracy                        0.73522     13468
   macro avg    0.73525   0.73522   0.73522     13468
weighted avg    0.73525   0.73522   0.73522     13468

training 51
training 52
training 53
training 54
training 55
training 56
training 57
training 58
training 59
training 60
training 61
training 62
training 63
training 64
training 65
training 66
training 67
training 68
training 69
training 70
training 71
training 72
training 73
training 74
training 75
training 76
training 77
training 78
training 79
training 80
training 81
training 82
training 83
training 84
training 85
training 86
training 87
training 88
training 89
training 90
training 91
training 92
training 93
training 94
training 95
training 96
training 97
training 98
training 99
training 100
testing 100
/home/ms-admin/chenzixiao/APSNet/source/nn_online_train.py:142: FutureWarning: The input object of type 'Tensor' is an array-like implementing one of the corresponding protocols (`__array__`, `__array_interface__` or `__array_struct__`); but not a sequence (or 0-D). In the future, this object will be coerced as if it was first converted using `np.array(obj)`. To retain the old behaviour, you have to either modify the type 'Tensor', or assign to an empty array created with `np.empty(correct_shape, dtype=object)`.
  print_all_metrics(np.asarray(y_true).astype('int'), np.asarray(y_predicted))
/home/ms-admin/chenzixiao/APSNet/source/nn_online_train.py:142: VisibleDeprecationWarning: Creating an ndarray from ragged nested sequences (which is a list-or-tuple of lists-or-tuples-or ndarrays with different lengths or shapes) is deprecated. If you meant to do this, you must specify 'dtype=object' when creating the ndarray.
  print_all_metrics(np.asarray(y_true).astype('int'), np.asarray(y_predicted))
              precision    recall  f1-score   support

           0    0.73405   0.78779   0.75997      6734
           1    0.77103   0.71458   0.74173      6734

    accuracy                        0.75119     13468
   macro avg    0.75254   0.75119   0.75085     13468
weighted avg    0.75254   0.75119   0.75085     13468

training 101
training 102
training 103
training 104
training 105
training 106
training 107
training 108
training 109
training 110
training 111
training 112
training 113
training 114
training 115
training 116
training 117
training 118
training 119
training 120
training 121
training 122
training 123
training 124
training 125
training 126
training 127
training 128
training 129
training 130
training 131
training 132
training 133
training 134
training 135
training 136
training 137
training 138
training 139
training 140
training 141
training 142
training 143
training 144
training 145
training 146
training 147
training 148
training 149
training 150
testing 150
/home/ms-admin/chenzixiao/APSNet/source/nn_online_train.py:142: FutureWarning: The input object of type 'Tensor' is an array-like implementing one of the corresponding protocols (`__array__`, `__array_interface__` or `__array_struct__`); but not a sequence (or 0-D). In the future, this object will be coerced as if it was first converted using `np.array(obj)`. To retain the old behaviour, you have to either modify the type 'Tensor', or assign to an empty array created with `np.empty(correct_shape, dtype=object)`.
  print_all_metrics(np.asarray(y_true).astype('int'), np.asarray(y_predicted))
/home/ms-admin/chenzixiao/APSNet/source/nn_online_train.py:142: VisibleDeprecationWarning: Creating an ndarray from ragged nested sequences (which is a list-or-tuple of lists-or-tuples-or ndarrays with different lengths or shapes) is deprecated. If you meant to do this, you must specify 'dtype=object' when creating the ndarray.
  print_all_metrics(np.asarray(y_true).astype('int'), np.asarray(y_predicted))
              precision    recall  f1-score   support

           0    0.77374   0.72468   0.74841      6734
           1    0.74110   0.78809   0.76387      6734

    accuracy                        0.75639     13468
   macro avg    0.75742   0.75639   0.75614     13468
weighted avg    0.75742   0.75639   0.75614     13468

training 151
training 152
training 153
training 154
training 155
training 156
training 157
training 158
training 159
training 160
training 161
training 162
training 163
training 164
training 165
training 166
training 167
training 168
training 169
training 170
training 171
training 172
training 173
training 174
training 175
training 176
training 177
training 178
training 179
training 180
training 181
training 182
training 183
training 184
training 185
training 186
training 187
training 188
training 189
training 190
training 191
training 192
training 193
training 194
training 195
training 196
training 197
training 198
training 199
training 200
testing 200
/home/ms-admin/chenzixiao/APSNet/source/nn_online_train.py:142: FutureWarning: The input object of type 'Tensor' is an array-like implementing one of the corresponding protocols (`__array__`, `__array_interface__` or `__array_struct__`); but not a sequence (or 0-D). In the future, this object will be coerced as if it was first converted using `np.array(obj)`. To retain the old behaviour, you have to either modify the type 'Tensor', or assign to an empty array created with `np.empty(correct_shape, dtype=object)`.
  print_all_metrics(np.asarray(y_true).astype('int'), np.asarray(y_predicted))
/home/ms-admin/chenzixiao/APSNet/source/nn_online_train.py:142: VisibleDeprecationWarning: Creating an ndarray from ragged nested sequences (which is a list-or-tuple of lists-or-tuples-or ndarrays with different lengths or shapes) is deprecated. If you meant to do this, you must specify 'dtype=object' when creating the ndarray.
  print_all_metrics(np.asarray(y_true).astype('int'), np.asarray(y_predicted))
              precision    recall  f1-score   support

           0    0.76720   0.77666   0.77190      6734
           1    0.77387   0.76433   0.76907      6734

    accuracy                        0.77049     13468
   macro avg    0.77053   0.77049   0.77048     13468
weighted avg    0.77053   0.77049   0.77048     13468

training 201
training 202
training 203
training 204
training 205
training 206
training 207
training 208
training 209
training 210
training 211
training 212
training 213
training 214
training 215
training 216
training 217
training 218
training 219
training 220
training 221
training 222
training 223
training 224
training 225
training 226
training 227
training 228
training 229
training 230
training 231
training 232
training 233
training 234
training 235
training 236
training 237
training 238
training 239
training 240
training 241
training 242
training 243
training 244
training 245
training 246
training 247
training 248
training 249
training 250
testing 250
/home/ms-admin/chenzixiao/APSNet/source/nn_online_train.py:142: FutureWarning: The input object of type 'Tensor' is an array-like implementing one of the corresponding protocols (`__array__`, `__array_interface__` or `__array_struct__`); but not a sequence (or 0-D). In the future, this object will be coerced as if it was first converted using `np.array(obj)`. To retain the old behaviour, you have to either modify the type 'Tensor', or assign to an empty array created with `np.empty(correct_shape, dtype=object)`.
  print_all_metrics(np.asarray(y_true).astype('int'), np.asarray(y_predicted))
/home/ms-admin/chenzixiao/APSNet/source/nn_online_train.py:142: VisibleDeprecationWarning: Creating an ndarray from ragged nested sequences (which is a list-or-tuple of lists-or-tuples-or ndarrays with different lengths or shapes) is deprecated. If you meant to do this, you must specify 'dtype=object' when creating the ndarray.
  print_all_metrics(np.asarray(y_true).astype('int'), np.asarray(y_predicted))
              precision    recall  f1-score   support

           0    0.78368   0.76448   0.77396      6734
           1    0.77011   0.78898   0.77943      6734

    accuracy                        0.77673     13468
   macro avg    0.77690   0.77673   0.77670     13468
weighted avg    0.77690   0.77673   0.77670     13468

training 251
training 252
training 253
training 254
training 255
training 256
training 257
training 258
training 259
training 260
training 261
training 262
training 263
training 264
training 265
training 266
training 267
training 268
training 269
training 270
training 271
training 272
training 273
training 274
training 275
training 276
training 277
training 278
training 279
training 280
training 281
training 282
training 283
training 284
training 285
training 286
training 287
training 288
training 289
training 290
training 291
training 292
training 293
training 294
training 295
training 296
training 297
training 298
training 299
training 300
testing 300
/home/ms-admin/chenzixiao/APSNet/source/nn_online_train.py:142: FutureWarning: The input object of type 'Tensor' is an array-like implementing one of the corresponding protocols (`__array__`, `__array_interface__` or `__array_struct__`); but not a sequence (or 0-D). In the future, this object will be coerced as if it was first converted using `np.array(obj)`. To retain the old behaviour, you have to either modify the type 'Tensor', or assign to an empty array created with `np.empty(correct_shape, dtype=object)`.
  print_all_metrics(np.asarray(y_true).astype('int'), np.asarray(y_predicted))
/home/ms-admin/chenzixiao/APSNet/source/nn_online_train.py:142: VisibleDeprecationWarning: Creating an ndarray from ragged nested sequences (which is a list-or-tuple of lists-or-tuples-or ndarrays with different lengths or shapes) is deprecated. If you meant to do this, you must specify 'dtype=object' when creating the ndarray.
  print_all_metrics(np.asarray(y_true).astype('int'), np.asarray(y_predicted))
              precision    recall  f1-score   support

           0    0.77071   0.80561   0.78777      6734
           1    0.79639   0.76032   0.77794      6734

    accuracy                        0.78297     13468
   macro avg    0.78355   0.78297   0.78286     13468
weighted avg    0.78355   0.78297   0.78286     13468

training 301
training 302
training 303
training 304
training 305
training 306
training 307
training 308
training 309
training 310
training 311
training 312
training 313
training 314
training 315
training 316
training 317
training 318
training 319
training 320
training 321
training 322
training 323
training 324
training 325
training 326
training 327
training 328
training 329
training 330
training 331
training 332
training 333
training 334
training 335
training 336
training 337
training 338
training 339
training 340
training 341
training 342
training 343
training 344
training 345
training 346
training 347
training 348
training 349
training 350
testing 350
/home/ms-admin/chenzixiao/APSNet/source/nn_online_train.py:142: FutureWarning: The input object of type 'Tensor' is an array-like implementing one of the corresponding protocols (`__array__`, `__array_interface__` or `__array_struct__`); but not a sequence (or 0-D). In the future, this object will be coerced as if it was first converted using `np.array(obj)`. To retain the old behaviour, you have to either modify the type 'Tensor', or assign to an empty array created with `np.empty(correct_shape, dtype=object)`.
  print_all_metrics(np.asarray(y_true).astype('int'), np.asarray(y_predicted))
/home/ms-admin/chenzixiao/APSNet/source/nn_online_train.py:142: VisibleDeprecationWarning: Creating an ndarray from ragged nested sequences (which is a list-or-tuple of lists-or-tuples-or ndarrays with different lengths or shapes) is deprecated. If you meant to do this, you must specify 'dtype=object' when creating the ndarray.
  print_all_metrics(np.asarray(y_true).astype('int'), np.asarray(y_predicted))
              precision    recall  f1-score   support

           0    0.75566   0.83309   0.79248      6734
           1    0.81403   0.73062   0.77007      6734

    accuracy                        0.78185     13468
   macro avg    0.78484   0.78185   0.78128     13468
weighted avg    0.78484   0.78185   0.78128     13468

training 351
training 352
training 353
training 354
training 355
training 356
training 357
training 358
training 359
training 360
training 361
training 362
training 363
training 364
training 365
training 366
training 367
training 368
training 369
training 370
training 371
training 372
training 373
training 374
training 375
training 376
training 377
training 378
training 379
training 380
training 381
training 382
training 383
training 384
training 385
training 386
training 387
training 388
training 389
training 390
training 391
training 392
training 393
training 394
training 395
training 396
training 397
training 398
training 399
training 400
testing 400
/home/ms-admin/chenzixiao/APSNet/source/nn_online_train.py:142: FutureWarning: The input object of type 'Tensor' is an array-like implementing one of the corresponding protocols (`__array__`, `__array_interface__` or `__array_struct__`); but not a sequence (or 0-D). In the future, this object will be coerced as if it was first converted using `np.array(obj)`. To retain the old behaviour, you have to either modify the type 'Tensor', or assign to an empty array created with `np.empty(correct_shape, dtype=object)`.
  print_all_metrics(np.asarray(y_true).astype('int'), np.asarray(y_predicted))
/home/ms-admin/chenzixiao/APSNet/source/nn_online_train.py:142: VisibleDeprecationWarning: Creating an ndarray from ragged nested sequences (which is a list-or-tuple of lists-or-tuples-or ndarrays with different lengths or shapes) is deprecated. If you meant to do this, you must specify 'dtype=object' when creating the ndarray.
  print_all_metrics(np.asarray(y_true).astype('int'), np.asarray(y_predicted))
              precision    recall  f1-score   support

           0    0.78577   0.80502   0.79528      6734
           1    0.80012   0.78052   0.79020      6734

    accuracy                        0.79277     13468
   macro avg    0.79294   0.79277   0.79274     13468
weighted avg    0.79294   0.79277   0.79274     13468

training 401
training 402
training 403
training 404
training 405
training 406
training 407
training 408
training 409
training 410
training 411
training 412
training 413
training 414
training 415
training 416
training 417
training 418
training 419
training 420
training 421
training 422
training 423
training 424
training 425
training 426
training 427
training 428
training 429
training 430
training 431
training 432
training 433
training 434
training 435
training 436
training 437
training 438
training 439
training 440
training 441
training 442
training 443
training 444
training 445
training 446
training 447
training 448
training 449
training 450
testing 450
/home/ms-admin/chenzixiao/APSNet/source/nn_online_train.py:142: FutureWarning: The input object of type 'Tensor' is an array-like implementing one of the corresponding protocols (`__array__`, `__array_interface__` or `__array_struct__`); but not a sequence (or 0-D). In the future, this object will be coerced as if it was first converted using `np.array(obj)`. To retain the old behaviour, you have to either modify the type 'Tensor', or assign to an empty array created with `np.empty(correct_shape, dtype=object)`.
  print_all_metrics(np.asarray(y_true).astype('int'), np.asarray(y_predicted))
/home/ms-admin/chenzixiao/APSNet/source/nn_online_train.py:142: VisibleDeprecationWarning: Creating an ndarray from ragged nested sequences (which is a list-or-tuple of lists-or-tuples-or ndarrays with different lengths or shapes) is deprecated. If you meant to do this, you must specify 'dtype=object' when creating the ndarray.
  print_all_metrics(np.asarray(y_true).astype('int'), np.asarray(y_predicted))
              precision    recall  f1-score   support

           0    0.78431   0.81215   0.79799      6734
           1    0.80523   0.77666   0.79069      6734

    accuracy                        0.79440     13468
   macro avg    0.79477   0.79440   0.79434     13468
weighted avg    0.79477   0.79440   0.79434     13468

training 451
training 452
training 453
training 454
training 455
training 456
training 457
training 458
training 459
training 460
training 461
training 462
training 463
training 464
training 465
training 466
training 467
training 468
training 469
training 470
training 471
training 472
training 473
training 474
training 475
training 476
training 477
training 478
training 479
training 480
training 481
training 482
training 483
training 484
training 485
training 486
training 487
training 488
training 489
training 490
training 491
training 492
training 493
training 494
training 495
training 496
training 497
training 498
training 499
training 500
testing 500
/home/ms-admin/chenzixiao/APSNet/source/nn_online_train.py:142: FutureWarning: The input object of type 'Tensor' is an array-like implementing one of the corresponding protocols (`__array__`, `__array_interface__` or `__array_struct__`); but not a sequence (or 0-D). In the future, this object will be coerced as if it was first converted using `np.array(obj)`. To retain the old behaviour, you have to either modify the type 'Tensor', or assign to an empty array created with `np.empty(correct_shape, dtype=object)`.
  print_all_metrics(np.asarray(y_true).astype('int'), np.asarray(y_predicted))
/home/ms-admin/chenzixiao/APSNet/source/nn_online_train.py:142: VisibleDeprecationWarning: Creating an ndarray from ragged nested sequences (which is a list-or-tuple of lists-or-tuples-or ndarrays with different lengths or shapes) is deprecated. If you meant to do this, you must specify 'dtype=object' when creating the ndarray.
  print_all_metrics(np.asarray(y_true).astype('int'), np.asarray(y_predicted))
              precision    recall  f1-score   support

           0    0.78964   0.81274   0.80102      6734
           1    0.80710   0.78349   0.79512      6734

    accuracy                        0.79811     13468
   macro avg    0.79837   0.79811   0.79807     13468
weighted avg    0.79837   0.79811   0.79807     13468

training 501
training 502
training 503
training 504
training 505
training 506
training 507
training 508
training 509
training 510
training 511
training 512
training 513
training 514
training 515
training 516
training 517
training 518
training 519
training 520
training 521
training 522
training 523
training 524
training 525
training 526
training 527
training 528
training 529
training 530
training 531
training 532
training 533
training 534
training 535
training 536
training 537
training 538
training 539
training 540
training 541
training 542
training 543
training 544
training 545
training 546
training 547
training 548
training 549
training 550
testing 550
/home/ms-admin/chenzixiao/APSNet/source/nn_online_train.py:142: FutureWarning: The input object of type 'Tensor' is an array-like implementing one of the corresponding protocols (`__array__`, `__array_interface__` or `__array_struct__`); but not a sequence (or 0-D). In the future, this object will be coerced as if it was first converted using `np.array(obj)`. To retain the old behaviour, you have to either modify the type 'Tensor', or assign to an empty array created with `np.empty(correct_shape, dtype=object)`.
  print_all_metrics(np.asarray(y_true).astype('int'), np.asarray(y_predicted))
/home/ms-admin/chenzixiao/APSNet/source/nn_online_train.py:142: VisibleDeprecationWarning: Creating an ndarray from ragged nested sequences (which is a list-or-tuple of lists-or-tuples-or ndarrays with different lengths or shapes) is deprecated. If you meant to do this, you must specify 'dtype=object' when creating the ndarray.
  print_all_metrics(np.asarray(y_true).astype('int'), np.asarray(y_predicted))
              precision    recall  f1-score   support

           0    0.80962   0.79700   0.80326      6734
           1    0.80012   0.81259   0.80631      6734

    accuracy                        0.80480     13468
   macro avg    0.80487   0.80480   0.80478     13468
weighted avg    0.80487   0.80480   0.80478     13468

training 551
training 552
training 553
training 554
training 555
training 556
training 557
training 558
training 559
training 560
training 561
training 562
training 563
training 564
training 565
training 566
training 567
training 568
training 569
training 570
training 571
training 572
training 573
training 574
training 575
training 576
training 577
training 578
training 579
training 580
training 581
training 582
training 583
training 584
training 585
training 586
training 587
training 588
training 589
training 590
training 591
training 592
training 593
training 594
training 595
training 596
training 597
training 598
training 599
training 600
testing 600
/home/ms-admin/chenzixiao/APSNet/source/nn_online_train.py:142: FutureWarning: The input object of type 'Tensor' is an array-like implementing one of the corresponding protocols (`__array__`, `__array_interface__` or `__array_struct__`); but not a sequence (or 0-D). In the future, this object will be coerced as if it was first converted using `np.array(obj)`. To retain the old behaviour, you have to either modify the type 'Tensor', or assign to an empty array created with `np.empty(correct_shape, dtype=object)`.
  print_all_metrics(np.asarray(y_true).astype('int'), np.asarray(y_predicted))
/home/ms-admin/chenzixiao/APSNet/source/nn_online_train.py:142: VisibleDeprecationWarning: Creating an ndarray from ragged nested sequences (which is a list-or-tuple of lists-or-tuples-or ndarrays with different lengths or shapes) is deprecated. If you meant to do this, you must specify 'dtype=object' when creating the ndarray.
  print_all_metrics(np.asarray(y_true).astype('int'), np.asarray(y_predicted))
              precision    recall  f1-score   support

           0    0.79616   0.81259   0.80429      6734
           1    0.80864   0.79195   0.80021      6734

    accuracy                        0.80227     13468
   macro avg    0.80240   0.80227   0.80225     13468
weighted avg    0.80240   0.80227   0.80225     13468

training 601
training 602
training 603
training 604
training 605
training 606
training 607
training 608
training 609
training 610
training 611
training 612
training 613
training 614
training 615
training 616
training 617
training 618
training 619
training 620
training 621
training 622
training 623
training 624
training 625
training 626
training 627
training 628
training 629
training 630
training 631
training 632
training 633
training 634
training 635
training 636
training 637
training 638
training 639
training 640
training 641
training 642
training 643
training 644
training 645
training 646
training 647
training 648
training 649
training 650
testing 650
/home/ms-admin/chenzixiao/APSNet/source/nn_online_train.py:142: FutureWarning: The input object of type 'Tensor' is an array-like implementing one of the corresponding protocols (`__array__`, `__array_interface__` or `__array_struct__`); but not a sequence (or 0-D). In the future, this object will be coerced as if it was first converted using `np.array(obj)`. To retain the old behaviour, you have to either modify the type 'Tensor', or assign to an empty array created with `np.empty(correct_shape, dtype=object)`.
  print_all_metrics(np.asarray(y_true).astype('int'), np.asarray(y_predicted))
/home/ms-admin/chenzixiao/APSNet/source/nn_online_train.py:142: VisibleDeprecationWarning: Creating an ndarray from ragged nested sequences (which is a list-or-tuple of lists-or-tuples-or ndarrays with different lengths or shapes) is deprecated. If you meant to do this, you must specify 'dtype=object' when creating the ndarray.
  print_all_metrics(np.asarray(y_true).astype('int'), np.asarray(y_predicted))
              precision    recall  f1-score   support

           0    0.81411   0.80710   0.81059      6734
           1    0.80875   0.81571   0.81221      6734

    accuracy                        0.81140     13468
   macro avg    0.81143   0.81140   0.81140     13468
weighted avg    0.81143   0.81140   0.81140     13468

training 651
training 652
training 653
training 654
training 655
training 656
training 657
training 658
training 659
training 660
training 661
training 662
training 663
training 664
training 665
training 666
training 667
training 668
training 669
training 670
training 671
training 672
training 673
training 674
training 675
training 676
training 677
training 678
training 679
training 680
training 681
training 682
training 683
training 684
training 685
training 686
training 687
training 688
training 689
training 690
training 691
training 692
training 693
training 694
training 695
training 696
training 697
training 698
training 699
training 700
testing 700
/home/ms-admin/chenzixiao/APSNet/source/nn_online_train.py:142: FutureWarning: The input object of type 'Tensor' is an array-like implementing one of the corresponding protocols (`__array__`, `__array_interface__` or `__array_struct__`); but not a sequence (or 0-D). In the future, this object will be coerced as if it was first converted using `np.array(obj)`. To retain the old behaviour, you have to either modify the type 'Tensor', or assign to an empty array created with `np.empty(correct_shape, dtype=object)`.
  print_all_metrics(np.asarray(y_true).astype('int'), np.asarray(y_predicted))
/home/ms-admin/chenzixiao/APSNet/source/nn_online_train.py:142: VisibleDeprecationWarning: Creating an ndarray from ragged nested sequences (which is a list-or-tuple of lists-or-tuples-or ndarrays with different lengths or shapes) is deprecated. If you meant to do this, you must specify 'dtype=object' when creating the ndarray.
  print_all_metrics(np.asarray(y_true).astype('int'), np.asarray(y_predicted))
              precision    recall  f1-score   support

           0    0.80211   0.83368   0.81759      6734
           1    0.82687   0.79433   0.81027      6734

    accuracy                        0.81400     13468
   macro avg    0.81449   0.81400   0.81393     13468
weighted avg    0.81449   0.81400   0.81393     13468

training 701
training 702
training 703
training 704
training 705
training 706
training 707
training 708
training 709
training 710
training 711
training 712
training 713
training 714
training 715
training 716
training 717
training 718
training 719
training 720
training 721
training 722
training 723
training 724
training 725
training 726
training 727
training 728
training 729
training 730
training 731
training 732
training 733
training 734
training 735
training 736
training 737
training 738
training 739
training 740
training 741
training 742
training 743
training 744
training 745
training 746
training 747
training 748
training 749
training 750
testing 750
/home/ms-admin/chenzixiao/APSNet/source/nn_online_train.py:142: FutureWarning: The input object of type 'Tensor' is an array-like implementing one of the corresponding protocols (`__array__`, `__array_interface__` or `__array_struct__`); but not a sequence (or 0-D). In the future, this object will be coerced as if it was first converted using `np.array(obj)`. To retain the old behaviour, you have to either modify the type 'Tensor', or assign to an empty array created with `np.empty(correct_shape, dtype=object)`.
  print_all_metrics(np.asarray(y_true).astype('int'), np.asarray(y_predicted))
/home/ms-admin/chenzixiao/APSNet/source/nn_online_train.py:142: VisibleDeprecationWarning: Creating an ndarray from ragged nested sequences (which is a list-or-tuple of lists-or-tuples-or ndarrays with different lengths or shapes) is deprecated. If you meant to do this, you must specify 'dtype=object' when creating the ndarray.
  print_all_metrics(np.asarray(y_true).astype('int'), np.asarray(y_predicted))
              precision    recall  f1-score   support

           0    0.81053   0.83665   0.82338      6734
           1    0.83121   0.80443   0.81760      6734

    accuracy                        0.82054     13468
   macro avg    0.82087   0.82054   0.82049     13468
weighted avg    0.82087   0.82054   0.82049     13468

training 751
training 752
training 753
training 754
training 755
training 756
training 757
training 758
training 759
training 760
training 761
training 762
training 763
training 764
training 765
training 766
training 767
training 768
training 769
training 770
training 771
training 772
training 773
training 774
training 775
training 776
training 777
training 778
training 779
training 780
training 781
training 782
training 783
training 784
training 785
training 786
training 787
training 788
training 789
training 790
training 791
training 792
training 793
training 794
training 795
training 796
training 797
training 798
training 799
training 800
testing 800
/home/ms-admin/chenzixiao/APSNet/source/nn_online_train.py:142: FutureWarning: The input object of type 'Tensor' is an array-like implementing one of the corresponding protocols (`__array__`, `__array_interface__` or `__array_struct__`); but not a sequence (or 0-D). In the future, this object will be coerced as if it was first converted using `np.array(obj)`. To retain the old behaviour, you have to either modify the type 'Tensor', or assign to an empty array created with `np.empty(correct_shape, dtype=object)`.
  print_all_metrics(np.asarray(y_true).astype('int'), np.asarray(y_predicted))
/home/ms-admin/chenzixiao/APSNet/source/nn_online_train.py:142: VisibleDeprecationWarning: Creating an ndarray from ragged nested sequences (which is a list-or-tuple of lists-or-tuples-or ndarrays with different lengths or shapes) is deprecated. If you meant to do this, you must specify 'dtype=object' when creating the ndarray.
  print_all_metrics(np.asarray(y_true).astype('int'), np.asarray(y_predicted))
              precision    recall  f1-score   support

           0    0.81275   0.81987   0.81629      6734
           1    0.81828   0.81111   0.81468      6734

    accuracy                        0.81549     13468
   macro avg    0.81551   0.81549   0.81549     13468
weighted avg    0.81551   0.81549   0.81549     13468

training 801
training 802
training 803
training 804
training 805
training 806
training 807
training 808
training 809
training 810
training 811
training 812
training 813
training 814
training 815
training 816
training 817
training 818
training 819
training 820
training 821
training 822
training 823
training 824
training 825
training 826
training 827
training 828
training 829
training 830
training 831
training 832
training 833
training 834
training 835
training 836
training 837
training 838
training 839
training 840
training 841
training 842
training 843
training 844
training 845
training 846
training 847
training 848
training 849
training 850
testing 850
/home/ms-admin/chenzixiao/APSNet/source/nn_online_train.py:142: FutureWarning: The input object of type 'Tensor' is an array-like implementing one of the corresponding protocols (`__array__`, `__array_interface__` or `__array_struct__`); but not a sequence (or 0-D). In the future, this object will be coerced as if it was first converted using `np.array(obj)`. To retain the old behaviour, you have to either modify the type 'Tensor', or assign to an empty array created with `np.empty(correct_shape, dtype=object)`.
  print_all_metrics(np.asarray(y_true).astype('int'), np.asarray(y_predicted))
/home/ms-admin/chenzixiao/APSNet/source/nn_online_train.py:142: VisibleDeprecationWarning: Creating an ndarray from ragged nested sequences (which is a list-or-tuple of lists-or-tuples-or ndarrays with different lengths or shapes) is deprecated. If you meant to do this, you must specify 'dtype=object' when creating the ndarray.
  print_all_metrics(np.asarray(y_true).astype('int'), np.asarray(y_predicted))
              precision    recall  f1-score   support

           0    0.82588   0.81705   0.82144      6734
           1    0.81898   0.82774   0.82334      6734

    accuracy                        0.82239     13468
   macro avg    0.82243   0.82239   0.82239     13468
weighted avg    0.82243   0.82239   0.82239     13468

training 851
training 852
training 853
training 854
training 855
training 856
training 857
training 858
training 859
training 860
training 861
training 862
training 863
training 864
training 865
training 866
training 867
training 868
training 869
training 870
training 871
training 872
training 873
training 874
training 875
training 876
training 877
training 878
training 879
training 880
training 881
training 882
training 883
training 884
training 885
training 886
training 887
training 888
training 889
training 890
training 891
training 892
training 893
training 894
training 895
training 896
training 897
training 898
training 899
training 900
testing 900
/home/ms-admin/chenzixiao/APSNet/source/nn_online_train.py:142: FutureWarning: The input object of type 'Tensor' is an array-like implementing one of the corresponding protocols (`__array__`, `__array_interface__` or `__array_struct__`); but not a sequence (or 0-D). In the future, this object will be coerced as if it was first converted using `np.array(obj)`. To retain the old behaviour, you have to either modify the type 'Tensor', or assign to an empty array created with `np.empty(correct_shape, dtype=object)`.
  print_all_metrics(np.asarray(y_true).astype('int'), np.asarray(y_predicted))
/home/ms-admin/chenzixiao/APSNet/source/nn_online_train.py:142: VisibleDeprecationWarning: Creating an ndarray from ragged nested sequences (which is a list-or-tuple of lists-or-tuples-or ndarrays with different lengths or shapes) is deprecated. If you meant to do this, you must specify 'dtype=object' when creating the ndarray.
  print_all_metrics(np.asarray(y_true).astype('int'), np.asarray(y_predicted))
              precision    recall  f1-score   support

           0    0.81935   0.81363   0.81648      6734
           1    0.81492   0.82061   0.81776      6734

    accuracy                        0.81712     13468
   macro avg    0.81714   0.81712   0.81712     13468
weighted avg    0.81714   0.81712   0.81712     13468

training 901
training 902
training 903
training 904
training 905
training 906
training 907
training 908
training 909
training 910
training 911
training 912
training 913
training 914
training 915
training 916
training 917
training 918
training 919
training 920
training 921
training 922
training 923
training 924
training 925
training 926
training 927
training 928
training 929
training 930
training 931
training 932
training 933
training 934
training 935
training 936
training 937
training 938
training 939
training 940
training 941
training 942
training 943
training 944
training 945
training 946
training 947
training 948
training 949
training 950
testing 950
/home/ms-admin/chenzixiao/APSNet/source/nn_online_train.py:142: FutureWarning: The input object of type 'Tensor' is an array-like implementing one of the corresponding protocols (`__array__`, `__array_interface__` or `__array_struct__`); but not a sequence (or 0-D). In the future, this object will be coerced as if it was first converted using `np.array(obj)`. To retain the old behaviour, you have to either modify the type 'Tensor', or assign to an empty array created with `np.empty(correct_shape, dtype=object)`.
  print_all_metrics(np.asarray(y_true).astype('int'), np.asarray(y_predicted))
/home/ms-admin/chenzixiao/APSNet/source/nn_online_train.py:142: VisibleDeprecationWarning: Creating an ndarray from ragged nested sequences (which is a list-or-tuple of lists-or-tuples-or ndarrays with different lengths or shapes) is deprecated. If you meant to do this, you must specify 'dtype=object' when creating the ndarray.
  print_all_metrics(np.asarray(y_true).astype('int'), np.asarray(y_predicted))
              precision    recall  f1-score   support

           0    0.82184   0.83502   0.82837      6734
           1    0.83233   0.81898   0.82560      6734

    accuracy                        0.82700     13468
   macro avg    0.82708   0.82700   0.82699     13468
weighted avg    0.82708   0.82700   0.82699     13468

training 951
training 952
training 953
training 954
training 955
training 956
training 957
training 958
training 959
training 960
training 961
training 962
training 963
training 964
training 965
training 966
training 967
training 968
training 969
training 970
training 971
training 972
training 973
training 974
training 975
training 976
training 977
training 978
training 979
training 980
training 981
training 982
training 983
training 984
training 985
training 986
training 987
training 988
training 989
training 990
training 991
training 992
training 993
training 994
training 995
training 996
training 997
training 998
training 999
training 1000
testing 1000
/home/ms-admin/chenzixiao/APSNet/source/nn_online_train.py:142: FutureWarning: The input object of type 'Tensor' is an array-like implementing one of the corresponding protocols (`__array__`, `__array_interface__` or `__array_struct__`); but not a sequence (or 0-D). In the future, this object will be coerced as if it was first converted using `np.array(obj)`. To retain the old behaviour, you have to either modify the type 'Tensor', or assign to an empty array created with `np.empty(correct_shape, dtype=object)`.
  print_all_metrics(np.asarray(y_true).astype('int'), np.asarray(y_predicted))
/home/ms-admin/chenzixiao/APSNet/source/nn_online_train.py:142: VisibleDeprecationWarning: Creating an ndarray from ragged nested sequences (which is a list-or-tuple of lists-or-tuples-or ndarrays with different lengths or shapes) is deprecated. If you meant to do this, you must specify 'dtype=object' when creating the ndarray.
  print_all_metrics(np.asarray(y_true).astype('int'), np.asarray(y_predicted))
              precision    recall  f1-score   support

           0    0.83631   0.80650   0.82114      6734
           1    0.81316   0.84214   0.82740      6734

    accuracy                        0.82432     13468
   macro avg    0.82474   0.82432   0.82427     13468
weighted avg    0.82474   0.82432   0.82427     13468

training 1001
training 1002
training 1003
training 1004
training 1005
training 1006
training 1007
training 1008
training 1009
training 1010
training 1011
training 1012
training 1013
training 1014
training 1015
training 1016
training 1017
training 1018
training 1019
training 1020
training 1021
training 1022
training 1023
training 1024
training 1025
training 1026
training 1027
training 1028
training 1029
training 1030
training 1031
training 1032
training 1033
training 1034
training 1035
training 1036
training 1037
training 1038
training 1039
training 1040
training 1041
training 1042
training 1043
training 1044
training 1045
training 1046
training 1047
training 1048
training 1049
training 1050
testing 1050
/home/ms-admin/chenzixiao/APSNet/source/nn_online_train.py:142: FutureWarning: The input object of type 'Tensor' is an array-like implementing one of the corresponding protocols (`__array__`, `__array_interface__` or `__array_struct__`); but not a sequence (or 0-D). In the future, this object will be coerced as if it was first converted using `np.array(obj)`. To retain the old behaviour, you have to either modify the type 'Tensor', or assign to an empty array created with `np.empty(correct_shape, dtype=object)`.
  print_all_metrics(np.asarray(y_true).astype('int'), np.asarray(y_predicted))
/home/ms-admin/chenzixiao/APSNet/source/nn_online_train.py:142: VisibleDeprecationWarning: Creating an ndarray from ragged nested sequences (which is a list-or-tuple of lists-or-tuples-or ndarrays with different lengths or shapes) is deprecated. If you meant to do this, you must specify 'dtype=object' when creating the ndarray.
  print_all_metrics(np.asarray(y_true).astype('int'), np.asarray(y_predicted))
              precision    recall  f1-score   support

           0    0.84245   0.79403   0.81752      6734
           1    0.80522   0.85150   0.82772      6734

    accuracy                        0.82277     13468
   macro avg    0.82383   0.82277   0.82262     13468
weighted avg    0.82383   0.82277   0.82262     13468

training 1051
training 1052
training 1053
training 1054
training 1055
training 1056
training 1057
training 1058
training 1059
training 1060
training 1061
training 1062
training 1063
training 1064
training 1065
training 1066
training 1067
training 1068
training 1069
training 1070
training 1071
training 1072
training 1073
training 1074
training 1075
training 1076
training 1077
training 1078
training 1079
training 1080
training 1081
training 1082
training 1083
training 1084
training 1085
training 1086
training 1087
training 1088
training 1089
training 1090
training 1091
training 1092
training 1093
training 1094
training 1095
training 1096
training 1097
training 1098
training 1099
training 1100
testing 1100
/home/ms-admin/chenzixiao/APSNet/source/nn_online_train.py:142: FutureWarning: The input object of type 'Tensor' is an array-like implementing one of the corresponding protocols (`__array__`, `__array_interface__` or `__array_struct__`); but not a sequence (or 0-D). In the future, this object will be coerced as if it was first converted using `np.array(obj)`. To retain the old behaviour, you have to either modify the type 'Tensor', or assign to an empty array created with `np.empty(correct_shape, dtype=object)`.
  print_all_metrics(np.asarray(y_true).astype('int'), np.asarray(y_predicted))
/home/ms-admin/chenzixiao/APSNet/source/nn_online_train.py:142: VisibleDeprecationWarning: Creating an ndarray from ragged nested sequences (which is a list-or-tuple of lists-or-tuples-or ndarrays with different lengths or shapes) is deprecated. If you meant to do this, you must specify 'dtype=object' when creating the ndarray.
  print_all_metrics(np.asarray(y_true).astype('int'), np.asarray(y_predicted))
              precision    recall  f1-score   support

           0    0.82773   0.82625   0.82699      6734
           1    0.82656   0.82804   0.82730      6734

    accuracy                        0.82715     13468
   macro avg    0.82715   0.82715   0.82715     13468
weighted avg    0.82715   0.82715   0.82715     13468

training 1101
training 1102
training 1103
training 1104
training 1105
training 1106
training 1107
training 1108
training 1109
training 1110
training 1111
training 1112
training 1113
training 1114
training 1115
training 1116
training 1117
training 1118
training 1119
training 1120
training 1121
training 1122
training 1123
training 1124
training 1125
training 1126
training 1127
training 1128
training 1129
training 1130
training 1131
training 1132
training 1133
training 1134
training 1135
training 1136
training 1137
training 1138
training 1139
training 1140
training 1141
training 1142
training 1143
training 1144
training 1145
training 1146
training 1147
training 1148
training 1149
training 1150
testing 1150
/home/ms-admin/chenzixiao/APSNet/source/nn_online_train.py:142: FutureWarning: The input object of type 'Tensor' is an array-like implementing one of the corresponding protocols (`__array__`, `__array_interface__` or `__array_struct__`); but not a sequence (or 0-D). In the future, this object will be coerced as if it was first converted using `np.array(obj)`. To retain the old behaviour, you have to either modify the type 'Tensor', or assign to an empty array created with `np.empty(correct_shape, dtype=object)`.
  print_all_metrics(np.asarray(y_true).astype('int'), np.asarray(y_predicted))
/home/ms-admin/chenzixiao/APSNet/source/nn_online_train.py:142: VisibleDeprecationWarning: Creating an ndarray from ragged nested sequences (which is a list-or-tuple of lists-or-tuples-or ndarrays with different lengths or shapes) is deprecated. If you meant to do this, you must specify 'dtype=object' when creating the ndarray.
  print_all_metrics(np.asarray(y_true).astype('int'), np.asarray(y_predicted))
              precision    recall  f1-score   support

           0    0.85125   0.79715   0.82331      6734
           1    0.80927   0.86071   0.83420      6734

    accuracy                        0.82893     13468
   macro avg    0.83026   0.82893   0.82875     13468
weighted avg    0.83026   0.82893   0.82875     13468

training 1151
training 1152
training 1153
training 1154
training 1155
training 1156
training 1157
training 1158
training 1159
training 1160
training 1161
training 1162
training 1163
training 1164
training 1165
training 1166
training 1167
training 1168
training 1169
training 1170
training 1171
training 1172
training 1173
training 1174
training 1175
training 1176
training 1177
training 1178
training 1179
training 1180
training 1181
training 1182
training 1183
training 1184
training 1185
training 1186
training 1187
training 1188
training 1189
training 1190
training 1191
training 1192
training 1193
training 1194
training 1195
training 1196
training 1197
training 1198
training 1199
training 1200
testing 1200
/home/ms-admin/chenzixiao/APSNet/source/nn_online_train.py:142: FutureWarning: The input object of type 'Tensor' is an array-like implementing one of the corresponding protocols (`__array__`, `__array_interface__` or `__array_struct__`); but not a sequence (or 0-D). In the future, this object will be coerced as if it was first converted using `np.array(obj)`. To retain the old behaviour, you have to either modify the type 'Tensor', or assign to an empty array created with `np.empty(correct_shape, dtype=object)`.
  print_all_metrics(np.asarray(y_true).astype('int'), np.asarray(y_predicted))
/home/ms-admin/chenzixiao/APSNet/source/nn_online_train.py:142: VisibleDeprecationWarning: Creating an ndarray from ragged nested sequences (which is a list-or-tuple of lists-or-tuples-or ndarrays with different lengths or shapes) is deprecated. If you meant to do this, you must specify 'dtype=object' when creating the ndarray.
  print_all_metrics(np.asarray(y_true).astype('int'), np.asarray(y_predicted))
              precision    recall  f1-score   support

           0    0.81460   0.86650   0.83975      6734
           1    0.85741   0.80279   0.82920      6734

    accuracy                        0.83465     13468
   macro avg    0.83601   0.83465   0.83448     13468
weighted avg    0.83601   0.83465   0.83448     13468

training 1201
training 1202
training 1203
training 1204
training 1205
training 1206
training 1207
training 1208
training 1209
training 1210
training 1211
training 1212
training 1213
training 1214
training 1215
training 1216
training 1217
training 1218
training 1219
training 1220
training 1221
training 1222
training 1223
training 1224
training 1225
training 1226
training 1227
training 1228
training 1229
training 1230
training 1231
training 1232
training 1233
training 1234
training 1235
training 1236
training 1237
training 1238
training 1239
training 1240
training 1241
training 1242
training 1243
training 1244
training 1245
training 1246
training 1247
training 1248
training 1249
training 1250
testing 1250
/home/ms-admin/chenzixiao/APSNet/source/nn_online_train.py:142: FutureWarning: The input object of type 'Tensor' is an array-like implementing one of the corresponding protocols (`__array__`, `__array_interface__` or `__array_struct__`); but not a sequence (or 0-D). In the future, this object will be coerced as if it was first converted using `np.array(obj)`. To retain the old behaviour, you have to either modify the type 'Tensor', or assign to an empty array created with `np.empty(correct_shape, dtype=object)`.
  print_all_metrics(np.asarray(y_true).astype('int'), np.asarray(y_predicted))
/home/ms-admin/chenzixiao/APSNet/source/nn_online_train.py:142: VisibleDeprecationWarning: Creating an ndarray from ragged nested sequences (which is a list-or-tuple of lists-or-tuples-or ndarrays with different lengths or shapes) is deprecated. If you meant to do this, you must specify 'dtype=object' when creating the ndarray.
  print_all_metrics(np.asarray(y_true).astype('int'), np.asarray(y_predicted))
              precision    recall  f1-score   support

           0    0.82988   0.83309   0.83148      6734
           1    0.83244   0.82922   0.83083      6734

    accuracy                        0.83116     13468
   macro avg    0.83116   0.83116   0.83115     13468
weighted avg    0.83116   0.83116   0.83115     13468

training 1251
training 1252
training 1253
training 1254
training 1255
training 1256
training 1257
training 1258
training 1259
training 1260
training 1261
training 1262
training 1263
training 1264
training 1265
training 1266
training 1267
training 1268
training 1269
training 1270
training 1271
training 1272
training 1273
training 1274
training 1275
training 1276
training 1277
training 1278
training 1279
training 1280
training 1281
training 1282
training 1283
training 1284
training 1285
training 1286
training 1287
training 1288
training 1289
training 1290
training 1291
training 1292
training 1293
training 1294
training 1295
training 1296
training 1297
training 1298
training 1299
training 1300
testing 1300
/home/ms-admin/chenzixiao/APSNet/source/nn_online_train.py:142: FutureWarning: The input object of type 'Tensor' is an array-like implementing one of the corresponding protocols (`__array__`, `__array_interface__` or `__array_struct__`); but not a sequence (or 0-D). In the future, this object will be coerced as if it was first converted using `np.array(obj)`. To retain the old behaviour, you have to either modify the type 'Tensor', or assign to an empty array created with `np.empty(correct_shape, dtype=object)`.
  print_all_metrics(np.asarray(y_true).astype('int'), np.asarray(y_predicted))
/home/ms-admin/chenzixiao/APSNet/source/nn_online_train.py:142: VisibleDeprecationWarning: Creating an ndarray from ragged nested sequences (which is a list-or-tuple of lists-or-tuples-or ndarrays with different lengths or shapes) is deprecated. If you meant to do this, you must specify 'dtype=object' when creating the ndarray.
  print_all_metrics(np.asarray(y_true).astype('int'), np.asarray(y_predicted))
              precision    recall  f1-score   support

           0    0.79220   0.88714   0.83699      6734
           1    0.87177   0.76730   0.81621      6734

    accuracy                        0.82722     13468
   macro avg    0.83199   0.82722   0.82660     13468
weighted avg    0.83199   0.82722   0.82660     13468

training 1301
training 1302
training 1303
training 1304
training 1305
training 1306
training 1307
training 1308
training 1309
training 1310
training 1311
training 1312
training 1313
training 1314
training 1315
training 1316
training 1317
training 1318
training 1319
training 1320
training 1321
training 1322
training 1323
training 1324
training 1325
training 1326
training 1327
training 1328
training 1329
training 1330
training 1331
training 1332
training 1333
training 1334
training 1335
training 1336
training 1337
training 1338
training 1339
training 1340
training 1341
training 1342
training 1343
training 1344
training 1345
training 1346
training 1347
training 1348
training 1349
training 1350
testing 1350
/home/ms-admin/chenzixiao/APSNet/source/nn_online_train.py:142: FutureWarning: The input object of type 'Tensor' is an array-like implementing one of the corresponding protocols (`__array__`, `__array_interface__` or `__array_struct__`); but not a sequence (or 0-D). In the future, this object will be coerced as if it was first converted using `np.array(obj)`. To retain the old behaviour, you have to either modify the type 'Tensor', or assign to an empty array created with `np.empty(correct_shape, dtype=object)`.
  print_all_metrics(np.asarray(y_true).astype('int'), np.asarray(y_predicted))
/home/ms-admin/chenzixiao/APSNet/source/nn_online_train.py:142: VisibleDeprecationWarning: Creating an ndarray from ragged nested sequences (which is a list-or-tuple of lists-or-tuples-or ndarrays with different lengths or shapes) is deprecated. If you meant to do this, you must specify 'dtype=object' when creating the ndarray.
  print_all_metrics(np.asarray(y_true).astype('int'), np.asarray(y_predicted))
              precision    recall  f1-score   support

           0    0.82199   0.84823   0.83490      6734
           1    0.84323   0.81631   0.82955      6734

    accuracy                        0.83227     13468
   macro avg    0.83261   0.83227   0.83223     13468
weighted avg    0.83261   0.83227   0.83223     13468

training 1351
training 1352
training 1353
training 1354
training 1355
training 1356
training 1357
training 1358
training 1359
training 1360
training 1361
training 1362
training 1363
training 1364
training 1365
training 1366
training 1367
training 1368
training 1369
training 1370
training 1371
training 1372
training 1373
training 1374
training 1375
training 1376
training 1377
training 1378
training 1379
training 1380
training 1381
training 1382
training 1383
training 1384
training 1385
training 1386
training 1387
training 1388
training 1389
training 1390
training 1391
training 1392
training 1393
training 1394
training 1395
training 1396
training 1397
training 1398
training 1399
training 1400
testing 1400
/home/ms-admin/chenzixiao/APSNet/source/nn_online_train.py:142: FutureWarning: The input object of type 'Tensor' is an array-like implementing one of the corresponding protocols (`__array__`, `__array_interface__` or `__array_struct__`); but not a sequence (or 0-D). In the future, this object will be coerced as if it was first converted using `np.array(obj)`. To retain the old behaviour, you have to either modify the type 'Tensor', or assign to an empty array created with `np.empty(correct_shape, dtype=object)`.
  print_all_metrics(np.asarray(y_true).astype('int'), np.asarray(y_predicted))
/home/ms-admin/chenzixiao/APSNet/source/nn_online_train.py:142: VisibleDeprecationWarning: Creating an ndarray from ragged nested sequences (which is a list-or-tuple of lists-or-tuples-or ndarrays with different lengths or shapes) is deprecated. If you meant to do this, you must specify 'dtype=object' when creating the ndarray.
  print_all_metrics(np.asarray(y_true).astype('int'), np.asarray(y_predicted))
              precision    recall  f1-score   support

           0    0.84360   0.81942   0.83134      6734
           1    0.82446   0.84808   0.83610      6734

    accuracy                        0.83375     13468
   macro avg    0.83403   0.83375   0.83372     13468
weighted avg    0.83403   0.83375   0.83372     13468

training 1401
training 1402
training 1403
training 1404
training 1405
training 1406
training 1407
training 1408
training 1409
training 1410
training 1411
training 1412
training 1413
training 1414
training 1415
training 1416
training 1417
training 1418
training 1419
training 1420
training 1421
training 1422
training 1423
training 1424
training 1425
training 1426
training 1427
training 1428
training 1429
training 1430
training 1431
training 1432
training 1433
training 1434
training 1435
training 1436
training 1437
training 1438
training 1439
training 1440
training 1441
training 1442
training 1443
training 1444
training 1445
training 1446
training 1447
training 1448
training 1449
training 1450
testing 1450
/home/ms-admin/chenzixiao/APSNet/source/nn_online_train.py:142: FutureWarning: The input object of type 'Tensor' is an array-like implementing one of the corresponding protocols (`__array__`, `__array_interface__` or `__array_struct__`); but not a sequence (or 0-D). In the future, this object will be coerced as if it was first converted using `np.array(obj)`. To retain the old behaviour, you have to either modify the type 'Tensor', or assign to an empty array created with `np.empty(correct_shape, dtype=object)`.
  print_all_metrics(np.asarray(y_true).astype('int'), np.asarray(y_predicted))
/home/ms-admin/chenzixiao/APSNet/source/nn_online_train.py:142: VisibleDeprecationWarning: Creating an ndarray from ragged nested sequences (which is a list-or-tuple of lists-or-tuples-or ndarrays with different lengths or shapes) is deprecated. If you meant to do this, you must specify 'dtype=object' when creating the ndarray.
  print_all_metrics(np.asarray(y_true).astype('int'), np.asarray(y_predicted))
              precision    recall  f1-score   support

           0    0.84628   0.82982   0.83797      6734
           1    0.83307   0.84927   0.84109      6734

    accuracy                        0.83955     13468
   macro avg    0.83967   0.83955   0.83953     13468
weighted avg    0.83967   0.83955   0.83953     13468

training 1451
training 1452
training 1453
training 1454
training 1455
training 1456
training 1457
training 1458
training 1459
training 1460
training 1461
training 1462
training 1463
training 1464
training 1465
training 1466
training 1467
training 1468
training 1469
training 1470
training 1471
training 1472
training 1473
training 1474
training 1475
training 1476
training 1477
training 1478
training 1479
training 1480
training 1481
training 1482
training 1483
training 1484
training 1485
training 1486
training 1487
training 1488
training 1489
training 1490
training 1491
training 1492
training 1493
training 1494
training 1495
training 1496
training 1497
training 1498
training 1499
final testing
/home/ms-admin/chenzixiao/APSNet/source/nn_online_train.py:161: FutureWarning: The input object of type 'Tensor' is an array-like implementing one of the corresponding protocols (`__array__`, `__array_interface__` or `__array_struct__`); but not a sequence (or 0-D). In the future, this object will be coerced as if it was first converted using `np.array(obj)`. To retain the old behaviour, you have to either modify the type 'Tensor', or assign to an empty array created with `np.empty(correct_shape, dtype=object)`.
  print_all_metrics(np.asarray(y_true).astype('int'), np.asarray(y_predicted))
/home/ms-admin/chenzixiao/APSNet/source/nn_online_train.py:161: VisibleDeprecationWarning: Creating an ndarray from ragged nested sequences (which is a list-or-tuple of lists-or-tuples-or ndarrays with different lengths or shapes) is deprecated. If you meant to do this, you must specify 'dtype=object' when creating the ndarray.
  print_all_metrics(np.asarray(y_true).astype('int'), np.asarray(y_predicted))
              precision    recall  f1-score   support

           0    0.85076   0.83724   0.84395      6734
           1    0.83979   0.85313   0.84641      6734

    accuracy                        0.84519     13468
   macro avg    0.84528   0.84519   0.84518     13468
weighted avg    0.84528   0.84519   0.84518     13468

Done
