Please input the length of days lookahead in {5, 7, 15, 30, 45, 60, 90, 120}: Please specify the coverage of the data {A - Manufacturer 1, B - Manufacturer 2, C - Manufacturer 1 & 2}: ---------------- RF ----------------
最优分类器: {'criterion': 'gini', 'max_depth': None, 'max_leaf_nodes': None, 'min_samples_leaf': 1, 'min_samples_split': 2, 'n_estimators': 200} 最优分数: 0.8068571428571429
测试集结果：
              precision    recall  f1-score   support

         0.0       0.81      0.83      0.82      4892
         1.0       0.82      0.80      0.81      4892

    accuracy                           0.82      9784
   macro avg       0.82      0.82      0.82      9784
weighted avg       0.82      0.82      0.82      9784

---------------- DT ----------------
最优分类器: {'criterion': 'entropy', 'max_depth': 30, 'max_leaf_nodes': 100, 'min_impurity_decrease': 0.0, 'min_samples_leaf': 2} 最优分数: 0.7508571428571428
测试集结果：
              precision    recall  f1-score   support

         0.0       0.75      0.75      0.75      4892
         1.0       0.75      0.74      0.75      4892

    accuracy                           0.75      9784
   macro avg       0.75      0.75      0.75      9784
weighted avg       0.75      0.75      0.75      9784

---------------- SVM ----------------
最优分类器: {'C': 1000, 'gamma': 0.5, 'kernel': 'rbf'} 最优分数: 0.6785
测试集结果：
              precision    recall  f1-score   support

         0.0       0.70      0.62      0.66      4892
         1.0       0.66      0.74      0.69      4892

    accuracy                           0.68      9784
   macro avg       0.68      0.68      0.67      9784
weighted avg       0.68      0.68      0.67      9784

---------------- KNN ----------------
最优分类器: {'n_neighbors': 9, 'p': 1, 'weights': 'distance'} 最优分数: 0.7026428571428571
测试集结果：
              precision    recall  f1-score   support

         0.0       0.71      0.72      0.71      4892
         1.0       0.71      0.70      0.71      4892

    accuracy                           0.71      9784
   macro avg       0.71      0.71      0.71      9784
weighted avg       0.71      0.71      0.71      9784

