Please input the length of days lookahead in {5, 7, 15, 30, 45, 60, 90, 120}: Please specify the coverage of the data {A - Manufacturer 1, B - Manufacturer 2, C - Manufacturer 1 & 2}: ---------------- RF ----------------
最优分类器: {'criterion': 'entropy', 'max_depth': 100, 'max_leaf_nodes': None, 'min_samples_leaf': 1, 'min_samples_split': 2, 'n_estimators': 150} 最优分数: 0.8281666666666666
测试集结果：
              precision    recall  f1-score   support

         0.0       0.82      0.86      0.84      5072
         1.0       0.85      0.82      0.83      5072

    accuracy                           0.84     10144
   macro avg       0.84      0.84      0.84     10144
weighted avg       0.84      0.84      0.84     10144

---------------- DT ----------------
最优分类器: {'criterion': 'gini', 'max_depth': 80, 'max_leaf_nodes': 100, 'min_impurity_decrease': 0.0, 'min_samples_leaf': 1} 最优分数: 0.7674166666666666
测试集结果：
              precision    recall  f1-score   support

         0.0       0.76      0.78      0.77      5072
         1.0       0.77      0.76      0.77      5072

    accuracy                           0.77     10144
   macro avg       0.77      0.77      0.77     10144
weighted avg       0.77      0.77      0.77     10144

---------------- SVM ----------------
最优分类器: {'C': 1000, 'gamma': 0.5, 'kernel': 'rbf'} 最优分数: 0.7135833333333333
测试集结果：
              precision    recall  f1-score   support

         0.0       0.73      0.69      0.71      5072
         1.0       0.71      0.75      0.73      5072

    accuracy                           0.72     10144
   macro avg       0.72      0.72      0.72     10144
weighted avg       0.72      0.72      0.72     10144

---------------- KNN ----------------
最优分类器: {'n_neighbors': 9, 'p': 1, 'weights': 'distance'} 最优分数: 0.7540833333333333
测试集结果：
              precision    recall  f1-score   support

         0.0       0.75      0.76      0.75      5072
         1.0       0.75      0.74      0.75      5072

    accuracy                           0.75     10144
   macro avg       0.75      0.75      0.75     10144
weighted avg       0.75      0.75      0.75     10144

