Please input the length of days lookahead in {5, 7, 15, 30, 45, 60, 90, 120}: Please specify the coverage of the data {A - Manufacturer 1, B - Manufacturer 2, C - Manufacturer 1 & 2, D - Manufacturer 1 without aging information, E - Balanced Manufacturer 1 & 2}: -------------------- Loading Data -------------------
------------------ NN ------------------
cuda
(53992, 330) (13500, 330) (53992,) (13500, 1)
training 0
testing 0
/home/ms-admin/chenzixiao/APSNet/source/nn_online_train.py:142: FutureWarning: The input object of type 'Tensor' is an array-like implementing one of the corresponding protocols (`__array__`, `__array_interface__` or `__array_struct__`); but not a sequence (or 0-D). In the future, this object will be coerced as if it was first converted using `np.array(obj)`. To retain the old behaviour, you have to either modify the type 'Tensor', or assign to an empty array created with `np.empty(correct_shape, dtype=object)`.
  print_all_metrics(np.asarray(y_true).astype('int'), np.asarray(y_predicted))
/home/ms-admin/chenzixiao/APSNet/source/nn_online_train.py:142: VisibleDeprecationWarning: Creating an ndarray from ragged nested sequences (which is a list-or-tuple of lists-or-tuples-or ndarrays with different lengths or shapes) is deprecated. If you meant to do this, you must specify 'dtype=object' when creating the ndarray.
  print_all_metrics(np.asarray(y_true).astype('int'), np.asarray(y_predicted))
              precision    recall  f1-score   support

           0    0.71907   0.53733   0.61506      6750
           1    0.63068   0.79007   0.70143      6750

    accuracy                        0.66370     13500
   macro avg    0.67487   0.66370   0.65825     13500
weighted avg    0.67487   0.66370   0.65825     13500

training 1
training 2
training 3
training 4
training 5
training 6
training 7
